2026-04-25 20:59:16,279 - freqtrade - INFO - freqtrade 2026.4-dev-f17e38315
2026-04-25 20:59:17,572 - freqtrade.worker - INFO - Starting worker 2026.4-dev-f17e38315
2026-04-25 20:59:17,573 - freqtrade.configuration.load_config - INFO - Using config: config/config_paper.json ...
2026-04-25 20:59:17,574 - freqtrade.loggers - INFO - Enabling colorized output.
2026-04-25 20:59:17,574 - freqtrade.loggers - INFO - Logfile configured
2026-04-25 20:59:17,574 - freqtrade.loggers - INFO - Verbosity set to 0
2026-04-25 20:59:17,574 - freqtrade.configuration.configuration - INFO - Runmode set to dry_run.
2026-04-25 20:59:17,575 - freqtrade.configuration.configuration - INFO - Dry run is enabled
2026-04-25 20:59:17,575 - freqtrade.configuration.configuration - INFO - Using DB: "sqlite:///tradesv3.dryrun.sqlite"
2026-04-25 20:59:17,575 - freqtrade.configuration.configuration - INFO - Using max_open_trades: 3 ...
2026-04-25 20:59:17,575 - freqtrade.configuration.configuration - INFO - Using user-data directory: /Users/aatifquamre/masterbot/user_data ...
2026-04-25 20:59:17,575 - freqtrade.configuration.configuration - INFO - Using data directory: /Users/aatifquamre/masterbot/user_data/data/binance ...
2026-04-25 20:59:17,576 - freqtrade.exchange.check_exchange - INFO - Checking exchange...
2026-04-25 20:59:17,581 - freqtrade.exchange.check_exchange - INFO - Exchange "binance" is officially supported by the Freqtrade development team.
2026-04-25 20:59:17,581 - freqtrade.configuration.configuration - INFO - Using pairlist from configuration.
2026-04-25 20:59:17,581 - freqtrade.exchange.exchange - INFO - Instance is running with dry_run enabled
2026-04-25 20:59:17,582 - freqtrade.exchange.exchange - INFO - Using CCXT 4.5.50
2026-04-25 20:59:17,594 - freqtrade.exchange.exchange - INFO - Using Exchange "Binance"
2026-04-25 20:59:18,916 - freqtrade.resolvers.exchange_resolver - INFO - Using resolved exchange 'Binance'...
2026-04-25 20:59:18,936 - freqtrade.resolvers.iresolver - INFO - Using resolved strategy SampleStrategy from '/Users/aatifquamre/masterbot/user_data/strategies/sample_strategy.py'...
2026-04-25 20:59:18,936 - freqtrade.strategy.hyper - INFO - Found no parameter file.
2026-04-25 20:59:18,937 - freqtrade.resolvers.strategy_resolver - INFO - Override strategy 'order_types' with value from the configuration: {'entry': 'limit', 'exit': 'limit', 'emergency_exit': 
'market', 'force_entry': 'market', 'force_exit': 'market', 'stoploss': 'market', 'stoploss_on_exchange': False, 'stoploss_on_exchange_interval': 60}.
2026-04-25 20:59:18,937 - freqtrade.resolvers.strategy_resolver - INFO - Override strategy 'stake_currency' with value from the configuration: USDT.
2026-04-25 20:59:18,937 - freqtrade.resolvers.strategy_resolver - INFO - Override strategy 'stake_amount' with value from the configuration: 10.
2026-04-25 20:59:18,937 - freqtrade.resolvers.strategy_resolver - INFO - Override strategy 'max_open_trades' with value from the configuration: 3.
2026-04-25 20:59:18,937 - freqtrade.resolvers.strategy_resolver - INFO - Strategy using minimal_roi: {'60': 0.01, '30': 0.02, '0': 0.04}
2026-04-25 20:59:18,938 - freqtrade.resolvers.strategy_resolver - INFO - Strategy using timeframe: 5m
2026-04-25 20:59:18,938 - freqtrade.resolvers.strategy_resolver - INFO - Strategy using stoploss: -0.1
2026-04-25 20:59:18,938 - freqtrade.resolvers.strategy_resolver - INFO - Strategy using trailing_stop: False
2026-04-25 20:59:18,938 - freqtrade.resolvers.strategy_resolver - INFO - Strategy using trailing_stop_positive_offset: 0.0
2026-04-25 20:59:18,938 - freqtrade.resolvers.strategy_resolver - INFO - Strategy using trailing_only_offset_is_reached: False
2026-04-25 20:59:18,938 - freqtrade.resolvers.strategy_resolver - INFO - Strategy using use_custom_stoploss: False
2026-04-25 20:59:18,938 - freqtrade.resolvers.strategy_resolver - INFO - Strategy using process_only_new_candles: True
2026-04-25 20:59:18,938 - freqtrade.resolvers.strategy_resolver - INFO - Strategy using order_types: {'entry': 'limit', 'exit': 'limit', 'emergency_exit': 'market', 'force_entry': 'market', 
'force_exit': 'market', 'stoploss': 'market', 'stoploss_on_exchange': False, 'stoploss_on_exchange_interval': 60}
2026-04-25 20:59:18,939 - freqtrade.resolvers.strategy_resolver - INFO - Strategy using order_time_in_force: {'entry': 'GTC', 'exit': 'GTC'}
2026-04-25 20:59:18,939 - freqtrade.resolvers.strategy_resolver - INFO - Strategy using stake_currency: USDT
2026-04-25 20:59:18,939 - freqtrade.resolvers.strategy_resolver - INFO - Strategy using stake_amount: 10
2026-04-25 20:59:18,939 - freqtrade.resolvers.strategy_resolver - INFO - Strategy using startup_candle_count: 200
2026-04-25 20:59:18,939 - freqtrade.resolvers.strategy_resolver - INFO - Strategy using use_exit_signal: True
2026-04-25 20:59:18,939 - freqtrade.resolvers.strategy_resolver - INFO - Strategy using exit_profit_only: False
2026-04-25 20:59:18,939 - freqtrade.resolvers.strategy_resolver - INFO - Strategy using ignore_roi_if_entry_signal: False
2026-04-25 20:59:18,939 - freqtrade.resolvers.strategy_resolver - INFO - Strategy using exit_profit_offset: 0.0
2026-04-25 20:59:18,940 - freqtrade.resolvers.strategy_resolver - INFO - Strategy using disable_dataframe_checks: False
2026-04-25 20:59:18,940 - freqtrade.resolvers.strategy_resolver - INFO - Strategy using ignore_buying_expired_candle_after: 0
2026-04-25 20:59:18,940 - freqtrade.resolvers.strategy_resolver - INFO - Strategy using position_adjustment_enable: False
2026-04-25 20:59:18,940 - freqtrade.resolvers.strategy_resolver - INFO - Strategy using max_entry_position_adjustment: -1
2026-04-25 20:59:18,940 - freqtrade.resolvers.strategy_resolver - INFO - Strategy using max_open_trades: 3
2026-04-25 20:59:18,940 - freqtrade.configuration.config_validation - INFO - Validating configuration ...
2026-04-25 20:59:18,981 - freqtrade.wallets - INFO - Wallets synced.
2026-04-25 20:59:18,981 - freqtrade.rpc.rpc_manager - INFO - Enabling rpc.telegram ...
2026-04-25 20:59:19,165 - freqtrade.resolvers.iresolver - INFO - Using resolved pairlist StaticPairList from '/Users/aatifquamre/masterbot/freqtrade/freqtrade/plugins/pairlist/StaticPairList.py'...
2026-04-25 20:59:19,165 - freqtrade.freqtradebot - INFO - Starting initial pairlist refresh
2026-04-25 20:59:19,176 - freqtrade.plugins.pairlistmanager - INFO - Whitelist with 2 pairs: ['BTC/USDT', 'ETH/USDT']
2026-04-25 20:59:19,176 - freqtrade.freqtradebot - INFO - Initial Pairlist refresh took 0.01s
2026-04-25 20:59:19,177 - freqtrade.strategy.hyper - INFO - No params for buy found, using default values.
2026-04-25 20:59:19,177 - freqtrade.strategy.hyper - INFO - Strategy Parameter(default): buy_rsi = 30
2026-04-25 20:59:19,177 - freqtrade.strategy.hyper - INFO - No params for exit found, using default values.
2026-04-25 20:59:19,177 - freqtrade.strategy.hyper - INFO - Strategy Parameter(default): exit_short_rsi = 30
2026-04-25 20:59:19,177 - freqtrade.strategy.hyper - INFO - No params for sell found, using default values.
2026-04-25 20:59:19,178 - freqtrade.strategy.hyper - INFO - Strategy Parameter(default): sell_rsi = 70
2026-04-25 20:59:19,178 - freqtrade.strategy.hyper - INFO - Strategy Parameter(default): short_rsi = 70
2026-04-25 20:59:19,178 - freqtrade.plugins.protectionmanager - INFO - No protection Handlers defined.
2026-04-25 20:59:19,178 - freqtrade.rpc.rpc_manager - INFO - Sending rpc message: {'type': status, 'status': 'running'}
2026-04-25 20:59:19,178 - freqtrade.worker - INFO - Changing state to: RUNNING
2026-04-25 20:59:19,183 - freqtrade.rpc.rpc_manager - INFO - Sending rpc message: {'type': warning, 'status': 'Dry run is enabled. All trades are simulated.'}
2026-04-25 20:59:19,183 - freqtrade.rpc.rpc_manager - INFO - Sending rpc message: {'type': startup, 'status': "*Exchange:* `binance`\n*Stake per trade:* `10 USDT`\n*Minimum ROI:* `{'60': 0.01, '30': 
0.02, '0': 0.04}`\n*Stoploss:* `-0.1`\n*Position adjustment:* `Off`\n*Timeframe:* `5m`\n*Strategy:* `SampleStrategy`"}
2026-04-25 20:59:19,183 - freqtrade.rpc.rpc_manager - INFO - Sending rpc message: {'type': startup, 'status': "Searching for USDT pairs to buy and sell based on [{'StaticPairList': 
'StaticPairList'}]"}
2026-04-25 20:59:19,216 - freqtrade.rpc.telegram - INFO - rpc.telegram is listening for following commands: [['status'], ['profit'], ['balance'], ['start'], ['stop'], ['forceexit', 'forcesell', 'fx'],
['forcebuy', 'forcelong'], ['forceshort'], ['reload_trade'], ['trades'], ['delete'], ['cancel_open_order', 'coo'], ['performance'], ['buys', 'entries'], ['exits', 'sells'], ['mix_tags'], ['stats'], 
['daily'], ['weekly'], ['monthly'], ['count'], ['locks'], ['delete_locks', 'unlock'], ['reload_conf', 'reload_config'], ['show_conf', 'show_config'], ['pause', 'stopbuy', 'stopentry'], ['whitelist'], 
['blacklist'], ['bl_delete', 'blacklist_delete'], ['logs'], ['health'], ['help'], ['version'], ['marketdir'], ['order'], ['list_custom_data'], ['tg_info'], ['profit_long'], ['profit_short']]
2026-04-25 20:59:24,192 - freqtrade.worker - INFO - Bot heartbeat. PID=22747, version='2026.4-dev-f17e38315', state='RUNNING'
2026-04-25 20:59:24,245 - telegram.ext.Application - INFO - Application started
